21-May-2019 08:59:08.800 警告 [main] org.apache.catalina.startup.SetAllPropertiesRule.begin [SetAllPropertiesRule]{Server/Service/Connector} Setting property 'minProcessors' to '5' did not find a matching property.
21-May-2019 08:59:09.128 警告 [main] org.apache.catalina.startup.SetAllPropertiesRule.begin [SetAllPropertiesRule]{Server/Service/Connector} Setting property 'maxProcessors' to '75' did not find a matching property.
21-May-2019 08:59:09.143 警告 [main] org.apache.tomcat.util.net.SSLHostConfig.setProtocols The protocol [TLSv1.2] was added to the list of protocols on the SSLHostConfig named [_default_]. Check if a +/- prefix is missing.
21-May-2019 08:59:09.206 信息 [main] org.apache.catalina.startup.VersionLoggerListener.log Server version:        Apache Tomcat/8.5.37
21-May-2019 08:59:09.206 信息 [main] org.apache.catalina.startup.VersionLoggerListener.log Server built:          Dec 12 2018 12:07:02 UTC
21-May-2019 08:59:09.206 信息 [main] org.apache.catalina.startup.VersionLoggerListener.log Server number:         8.5.37.0
21-May-2019 08:59:09.206 信息 [main] org.apache.catalina.startup.VersionLoggerListener.log OS Name:               Windows 8.1
21-May-2019 08:59:09.206 信息 [main] org.apache.catalina.startup.VersionLoggerListener.log OS Version:            6.3
21-May-2019 08:59:09.206 信息 [main] org.apache.catalina.startup.VersionLoggerListener.log Architecture:          amd64
21-May-2019 08:59:09.206 信息 [main] org.apache.catalina.startup.VersionLoggerListener.log Java Home:             C:\Program Files\Java\jdk1.7.0_80\jre
21-May-2019 08:59:09.206 信息 [main] org.apache.catalina.startup.VersionLoggerListener.log JVM Version:           1.7.0_80-b15
21-May-2019 08:59:09.221 信息 [main] org.apache.catalina.startup.VersionLoggerListener.log JVM Vendor:            Oracle Corporation
21-May-2019 08:59:09.221 信息 [main] org.apache.catalina.startup.VersionLoggerListener.log CATALINA_BASE:         F:\java\tomcat 8.5.37
21-May-2019 08:59:09.221 信息 [main] org.apache.catalina.startup.VersionLoggerListener.log CATALINA_HOME:         F:\java\tomcat 8.5.37
21-May-2019 08:59:09.221 信息 [main] org.apache.catalina.startup.VersionLoggerListener.log Command line argument: -Djava.util.logging.config.file=F:\java\tomcat 8.5.37\conf\logging.properties
21-May-2019 08:59:09.221 信息 [main] org.apache.catalina.startup.VersionLoggerListener.log Command line argument: -Djava.util.logging.manager=org.apache.juli.ClassLoaderLogManager
21-May-2019 08:59:09.221 信息 [main] org.apache.catalina.startup.VersionLoggerListener.log Command line argument: -Djdk.tls.ephemeralDHKeySize=2048
21-May-2019 08:59:09.221 信息 [main] org.apache.catalina.startup.VersionLoggerListener.log Command line argument: -Djava.protocol.handler.pkgs=org.apache.catalina.webresources
21-May-2019 08:59:09.221 信息 [main] org.apache.catalina.startup.VersionLoggerListener.log Command line argument: -Dignore.endorsed.dirs=
21-May-2019 08:59:09.237 信息 [main] org.apache.catalina.startup.VersionLoggerListener.log Command line argument: -Dcatalina.base=F:\java\tomcat 8.5.37
21-May-2019 08:59:09.237 信息 [main] org.apache.catalina.startup.VersionLoggerListener.log Command line argument: -Dcatalina.home=F:\java\tomcat 8.5.37
21-May-2019 08:59:09.237 信息 [main] org.apache.catalina.startup.VersionLoggerListener.log Command line argument: -Djava.io.tmpdir=F:\java\tomcat 8.5.37\temp
21-May-2019 08:59:09.237 信息 [main] org.apache.catalina.core.AprLifecycleListener.lifecycleEvent The APR based Apache Tomcat Native library which allows optimal performance in production environments was not found on the java.library.path: [C:\Program Files\Java\jdk1.7.0_80\bin;C:\Windows\Sun\Java\bin;C:\Windows\system32;C:\Windows;C:\app\song\product\11.2.0\dbhome_1\bin;C:\Windows\system32;C:\Windows;C:\Windows\System32\Wbem;C:\Windows\System32\WindowsPowerShell\v1.0\;C:\Windows\System32\OpenSSH\;"C:\Program Files\Java\jdk1.7.0_80\bin;";"C:\Program Files\Java\jdk1.7.0_80\jre\bin;";C:\Users\song\AppData\Local\Microsoft\WindowsApps;;.]
21-May-2019 08:59:10.475 信息 [main] org.apache.coyote.AbstractProtocol.init Initializing ProtocolHandler ["http-nio-8080"]
21-May-2019 08:59:10.521 信息 [main] org.apache.tomcat.util.net.NioSelectorPool.getSharedSelector Using a shared selector for servlet write/read
21-May-2019 08:59:10.553 信息 [main] org.apache.coyote.AbstractProtocol.init Initializing ProtocolHandler ["https-jsse-nio-8443"]
21-May-2019 08:59:11.021 严重 [main] org.apache.catalina.core.StandardService.initInternal Failed to initialize connector [Connector[HTTP/1.1-8443]]
 org.apache.catalina.LifecycleException: Failed to initialize component [Connector[HTTP/1.1-8443]]
	at org.apache.catalina.util.LifecycleBase.init(LifecycleBase.java:112)
	at org.apache.catalina.core.StandardService.initInternal(StandardService.java:552)
	at org.apache.catalina.util.LifecycleBase.init(LifecycleBase.java:107)
	at org.apache.catalina.core.StandardServer.initInternal(StandardServer.java:875)
	at org.apache.catalina.util.LifecycleBase.init(LifecycleBase.java:107)
	at org.apache.catalina.startup.Catalina.load(Catalina.java:638)
	at org.apache.catalina.startup.Catalina.load(Catalina.java:661)
	at sun.reflect.NativeMethodAccessorImpl.invoke0(Native Method)
	at sun.reflect.NativeMethodAccessorImpl.invoke(NativeMethodAccessorImpl.java:57)
	at sun.reflect.DelegatingMethodAccessorImpl.invoke(DelegatingMethodAccessorImpl.java:43)
	at java.lang.reflect.Method.invoke(Method.java:606)
	at org.apache.catalina.startup.Bootstrap.load(Bootstrap.java:309)
	at org.apache.catalina.startup.Bootstrap.main(Bootstrap.java:492)
Caused by: org.apache.catalina.LifecycleException: Protocol handler initialization failed
	at org.apache.catalina.connector.Connector.initInternal(Connector.java:995)
	at org.apache.catalina.util.LifecycleBase.init(LifecycleBase.java:107)
	... 12 more
Caused by: java.lang.IllegalArgumentException: \usr\local\tomcat\conf\server_keystore (系统找不到指定的路径。)
	at org.apache.tomcat.util.net.AbstractJsseEndpoint.createSSLContext(AbstractJsseEndpoint.java:115)
	at org.apache.tomcat.util.net.AbstractJsseEndpoint.initialiseSsl(AbstractJsseEndpoint.java:86)
	at org.apache.tomcat.util.net.NioEndpoint.bind(NioEndpoint.java:244)
	at org.apache.tomcat.util.net.AbstractEndpoint.init(AbstractEndpoint.java:1087)
	at org.apache.tomcat.util.net.AbstractJsseEndpoint.init(AbstractJsseEndpoint.java:265)
	at org.apache.coyote.AbstractProtocol.init(AbstractProtocol.java:581)
	at org.apache.coyote.http11.AbstractHttp11Protocol.init(AbstractHttp11Protocol.java:68)
	at org.apache.catalina.connector.Connector.initInternal(Connector.java:993)
	... 13 more
Caused by: java.io.FileNotFoundException: \usr\local\tomcat\conf\server_keystore (系统找不到指定的路径。)
	at java.io.FileInputStream.open(Native Method)
	at java.io.FileInputStream.<init>(FileInputStream.java:146)
	at java.io.FileInputStream.<init>(FileInputStream.java:101)
	at sun.net.www.protocol.file.FileURLConnection.connect(FileURLConnection.java:90)
	at sun.net.www.protocol.file.FileURLConnection.getInputStream(FileURLConnection.java:188)
	at org.apache.tomcat.util.file.ConfigFileLoader.getInputStream(ConfigFileLoader.java:89)
	at org.apache.tomcat.util.net.SSLUtilBase.getStore(SSLUtilBase.java:159)
	at org.apache.tomcat.util.net.SSLHostConfigCertificate.getCertificateKeystore(SSLHostConfigCertificate.java:204)
	at org.apache.tomcat.util.net.jsse.JSSEUtil.getKeyManagers(JSSEUtil.java:203)
	at org.apache.tomcat.util.net.AbstractJsseEndpoint.createSSLContext(AbstractJsseEndpoint.java:113)
	... 20 more

21-May-2019 08:59:11.037 信息 [main] org.apache.catalina.startup.Catalina.load Initialization processed in 2566 ms
21-May-2019 08:59:11.068 信息 [main] org.apache.catalina.core.StandardService.startInternal Starting service [Catalina]
21-May-2019 08:59:11.068 信息 [main] org.apache.catalina.core.StandardEngine.startInternal Starting Servlet Engine: Apache Tomcat/8.5.37
21-May-2019 08:59:11.068 信息 [localhost-startStop-1] org.apache.catalina.startup.HostConfig.deployDescriptor Deploying configuration descriptor [F:\java\tomcat 8.5.37\conf\Catalina\localhost\WF_DEMO.XML]
21-May-2019 08:59:11.099 警告 [localhost-startStop-1] org.apache.catalina.startup.SetContextPropertiesRule.begin [SetContextPropertiesRule]{Context} Setting property 'debug' to '0' did not find a matching property.
21-May-2019 08:59:12.980 警告 [localhost-startStop-1] org.apache.tomcat.dbcp.dbcp2.BasicDataSourceFactory.getObjectInstance Name = DEMO Property maxActive is not used in DBCP2, use maxTotal instead. maxTotal default value is 8. You have set value of "100" for "maxActive" property, which is being ignored.
21-May-2019 08:59:12.980 警告 [localhost-startStop-1] org.apache.tomcat.dbcp.dbcp2.BasicDataSourceFactory.getObjectInstance Name = DEMO Property removeAbandoned is not used in DBCP2, use one or both of removeAbandonedOnBorrow or removeAbandonedOnMaintenance instead. Both have default value set to false. You have set value of "true" for "removeAbandoned" property, which is being ignored.
21-May-2019 08:59:12.980 警告 [localhost-startStop-1] org.apache.tomcat.dbcp.dbcp2.BasicDataSourceFactory.getObjectInstance Name = DEMO Property maxWait is not used in DBCP2 , use maxWaitMillis instead. maxWaitMillis default value is -1. You have set value of "10000" for "maxWait" property, which is being ignored.
21-May-2019 08:59:12.995 信息 [localhost-startStop-1] org.apache.tomcat.dbcp.dbcp2.BasicDataSourceFactory.getObjectInstance Name = DEMO Ignoring unknown property: value of "30000" for "validationInterval" property
21-May-2019 08:59:12.995 信息 [localhost-startStop-1] org.apache.tomcat.dbcp.dbcp2.BasicDataSourceFactory.getObjectInstance Name = DEMO Ignoring unknown property: value of "true" for "jmxEnabled" property
21-May-2019 08:59:12.995 信息 [localhost-startStop-1] org.apache.tomcat.dbcp.dbcp2.BasicDataSourceFactory.getObjectInstance Name = DEMO Ignoring unknown property: value of "org.apache.tomcat.jdbc.pool.interceptor.ConnectionState;org.apache.tomcat.jdbc.pool.interceptor.StatementFinalizer" for "jdbcInterceptors" property
21-May-2019 08:59:13.495 警告 [localhost-startStop-1] org.apache.tomcat.dbcp.dbcp2.BasicDataSourceFactory.getObjectInstance Name = wf_tianyi Property maxActive is not used in DBCP2, use maxTotal instead. maxTotal default value is 8. You have set value of "100" for "maxActive" property, which is being ignored.
21-May-2019 08:59:13.495 警告 [localhost-startStop-1] org.apache.tomcat.dbcp.dbcp2.BasicDataSourceFactory.getObjectInstance Name = wf_tianyi Property removeAbandoned is not used in DBCP2, use one or both of removeAbandonedOnBorrow or removeAbandonedOnMaintenance instead. Both have default value set to false. You have set value of "true" for "removeAbandoned" property, which is being ignored.
21-May-2019 08:59:13.495 警告 [localhost-startStop-1] org.apache.tomcat.dbcp.dbcp2.BasicDataSourceFactory.getObjectInstance Name = wf_tianyi Property maxWait is not used in DBCP2 , use maxWaitMillis instead. maxWaitMillis default value is -1. You have set value of "10000" for "maxWait" property, which is being ignored.
21-May-2019 08:59:13.511 信息 [localhost-startStop-1] org.apache.tomcat.dbcp.dbcp2.BasicDataSourceFactory.getObjectInstance Name = wf_tianyi Ignoring unknown property: value of "30000" for "validationInterval" property
21-May-2019 08:59:13.511 信息 [localhost-startStop-1] org.apache.tomcat.dbcp.dbcp2.BasicDataSourceFactory.getObjectInstance Name = wf_tianyi Ignoring unknown property: value of "true" for "jmxEnabled" property
21-May-2019 08:59:13.511 信息 [localhost-startStop-1] org.apache.tomcat.dbcp.dbcp2.BasicDataSourceFactory.getObjectInstance Name = wf_tianyi Ignoring unknown property: value of "org.apache.tomcat.jdbc.pool.interceptor.ConnectionState;org.apache.tomcat.jdbc.pool.interceptor.StatementFinalizer" for "jdbcInterceptors" property
21-May-2019 08:59:13.984 信息 [localhost-startStop-1] org.apache.jasper.servlet.TldScanner.scanJars At least one JAR was scanned for TLDs yet contained no TLDs. Enable debug logging for this logger for a complete list of JARs that were scanned but no TLDs were found in them. Skipping unneeded JARs during scanning can improve startup time and JSP compilation time.
21-May-2019 08:59:15.062 信息 [localhost-startStop-1] org.apache.catalina.startup.HostConfig.deployDescriptor Deployment of configuration descriptor [F:\java\tomcat 8.5.37\conf\Catalina\localhost\WF_DEMO.XML] has finished in [3,994] ms
21-May-2019 08:59:15.062 信息 [localhost-startStop-1] org.apache.catalina.startup.HostConfig.deployDirectory Deploying web application directory [F:\java\tomcat 8.5.37\webapps\ROOT]
21-May-2019 08:59:16.127 信息 [localhost-startStop-1] org.apache.jasper.servlet.TldScanner.scanJars At least one JAR was scanned for TLDs yet contained no TLDs. Enable debug logging for this logger for a complete list of JARs that were scanned but no TLDs were found in them. Skipping unneeded JARs during scanning can improve startup time and JSP compilation time.
21-May-2019 08:59:16.127 信息 [localhost-startStop-1] org.apache.catalina.startup.HostConfig.deployDirectory Deployment of web application directory [F:\java\tomcat 8.5.37\webapps\ROOT] has finished in [1,065] ms
21-May-2019 08:59:16.158 信息 [main] org.apache.coyote.AbstractProtocol.start Starting ProtocolHandler ["http-nio-8080"]
21-May-2019 08:59:16.158 信息 [main] org.apache.catalina.startup.Catalina.start Server startup in 5121 ms
21-May-2019 09:00:01.324 警告 [main] org.apache.catalina.startup.SetAllPropertiesRule.begin [SetAllPropertiesRule]{Server/Service/Connector} Setting property 'minProcessors' to '5' did not find a matching property.
21-May-2019 09:00:01.339 警告 [main] org.apache.catalina.startup.SetAllPropertiesRule.begin [SetAllPropertiesRule]{Server/Service/Connector} Setting property 'maxProcessors' to '75' did not find a matching property.
21-May-2019 09:00:01.339 警告 [main] org.apache.tomcat.util.net.SSLHostConfig.setProtocols The protocol [TLSv1.2] was added to the list of protocols on the SSLHostConfig named [_default_]. Check if a +/- prefix is missing.
21-May-2019 09:00:01.402 信息 [main] org.apache.catalina.startup.VersionLoggerListener.log Server version:        Apache Tomcat/8.5.37
21-May-2019 09:00:01.402 信息 [main] org.apache.catalina.startup.VersionLoggerListener.log Server built:          Dec 12 2018 12:07:02 UTC
21-May-2019 09:00:01.402 信息 [main] org.apache.catalina.startup.VersionLoggerListener.log Server number:         8.5.37.0
21-May-2019 09:00:01.402 信息 [main] org.apache.catalina.startup.VersionLoggerListener.log OS Name:               Windows 8.1
21-May-2019 09:00:01.402 信息 [main] org.apache.catalina.startup.VersionLoggerListener.log OS Version:            6.3
21-May-2019 09:00:01.402 信息 [main] org.apache.catalina.startup.VersionLoggerListener.log Architecture:          amd64
21-May-2019 09:00:01.402 信息 [main] org.apache.catalina.startup.VersionLoggerListener.log Java Home:             C:\Program Files\Java\jdk1.7.0_80\jre
21-May-2019 09:00:01.417 信息 [main] org.apache.catalina.startup.VersionLoggerListener.log JVM Version:           1.7.0_80-b15
21-May-2019 09:00:01.417 信息 [main] org.apache.catalina.startup.VersionLoggerListener.log JVM Vendor:            Oracle Corporation
21-May-2019 09:00:01.417 信息 [main] org.apache.catalina.startup.VersionLoggerListener.log CATALINA_BASE:         F:\java\tomcat 8.5.37
21-May-2019 09:00:01.417 信息 [main] org.apache.catalina.startup.VersionLoggerListener.log CATALINA_HOME:         F:\java\tomcat 8.5.37
21-May-2019 09:00:01.417 信息 [main] org.apache.catalina.startup.VersionLoggerListener.log Command line argument: -Djava.util.logging.config.file=F:\java\tomcat 8.5.37\conf\logging.properties
21-May-2019 09:00:01.417 信息 [main] org.apache.catalina.startup.VersionLoggerListener.log Command line argument: -Djava.util.logging.manager=org.apache.juli.ClassLoaderLogManager
21-May-2019 09:00:01.417 信息 [main] org.apache.catalina.startup.VersionLoggerListener.log Command line argument: -Djdk.tls.ephemeralDHKeySize=2048
21-May-2019 09:00:01.417 信息 [main] org.apache.catalina.startup.VersionLoggerListener.log Command line argument: -Djava.protocol.handler.pkgs=org.apache.catalina.webresources
21-May-2019 09:00:01.417 信息 [main] org.apache.catalina.startup.VersionLoggerListener.log Command line argument: -Dignore.endorsed.dirs=
21-May-2019 09:00:01.433 信息 [main] org.apache.catalina.startup.VersionLoggerListener.log Command line argument: -Dcatalina.base=F:\java\tomcat 8.5.37
21-May-2019 09:00:01.433 信息 [main] org.apache.catalina.startup.VersionLoggerListener.log Command line argument: -Dcatalina.home=F:\java\tomcat 8.5.37
21-May-2019 09:00:01.433 信息 [main] org.apache.catalina.startup.VersionLoggerListener.log Command line argument: -Djava.io.tmpdir=F:\java\tomcat 8.5.37\temp
21-May-2019 09:00:01.433 信息 [main] org.apache.catalina.core.AprLifecycleListener.lifecycleEvent The APR based Apache Tomcat Native library which allows optimal performance in production environments was not found on the java.library.path: [C:\Program Files\Java\jdk1.7.0_80\bin;C:\Windows\Sun\Java\bin;C:\Windows\system32;C:\Windows;C:\app\song\product\11.2.0\dbhome_1\bin;C:\Windows\system32;C:\Windows;C:\Windows\System32\Wbem;C:\Windows\System32\WindowsPowerShell\v1.0\;C:\Windows\System32\OpenSSH\;"C:\Program Files\Java\jdk1.7.0_80\bin;";"C:\Program Files\Java\jdk1.7.0_80\jre\bin;";C:\Users\song\AppData\Local\Microsoft\WindowsApps;;.]
21-May-2019 09:00:01.542 信息 [main] org.apache.coyote.AbstractProtocol.init Initializing ProtocolHandler ["http-nio-8080"]
21-May-2019 09:00:01.558 信息 [main] org.apache.tomcat.util.net.NioSelectorPool.getSharedSelector Using a shared selector for servlet write/read
21-May-2019 09:00:01.589 信息 [main] org.apache.coyote.AbstractProtocol.init Initializing ProtocolHandler ["https-jsse-nio-8443"]
21-May-2019 09:00:01.966 严重 [main] org.apache.catalina.core.StandardService.initInternal Failed to initialize connector [Connector[HTTP/1.1-8443]]
 org.apache.catalina.LifecycleException: Failed to initialize component [Connector[HTTP/1.1-8443]]
	at org.apache.catalina.util.LifecycleBase.init(LifecycleBase.java:112)
	at org.apache.catalina.core.StandardService.initInternal(StandardService.java:552)
	at org.apache.catalina.util.LifecycleBase.init(LifecycleBase.java:107)
	at org.apache.catalina.core.StandardServer.initInternal(StandardServer.java:875)
	at org.apache.catalina.util.LifecycleBase.init(LifecycleBase.java:107)
	at org.apache.catalina.startup.Catalina.load(Catalina.java:638)
	at org.apache.catalina.startup.Catalina.load(Catalina.java:661)
	at sun.reflect.NativeMethodAccessorImpl.invoke0(Native Method)
	at sun.reflect.NativeMethodAccessorImpl.invoke(NativeMethodAccessorImpl.java:57)
	at sun.reflect.DelegatingMethodAccessorImpl.invoke(DelegatingMethodAccessorImpl.java:43)
	at java.lang.reflect.Method.invoke(Method.java:606)
	at org.apache.catalina.startup.Bootstrap.load(Bootstrap.java:309)
	at org.apache.catalina.startup.Bootstrap.main(Bootstrap.java:492)
Caused by: org.apache.catalina.LifecycleException: Protocol handler initialization failed
	at org.apache.catalina.connector.Connector.initInternal(Connector.java:995)
	at org.apache.catalina.util.LifecycleBase.init(LifecycleBase.java:107)
	... 12 more
Caused by: java.lang.IllegalArgumentException: \usr\local\tomcat\conf\server_keystore (系统找不到指定的路径。)
	at org.apache.tomcat.util.net.AbstractJsseEndpoint.createSSLContext(AbstractJsseEndpoint.java:115)
	at org.apache.tomcat.util.net.AbstractJsseEndpoint.initialiseSsl(AbstractJsseEndpoint.java:86)
	at org.apache.tomcat.util.net.NioEndpoint.bind(NioEndpoint.java:244)
	at org.apache.tomcat.util.net.AbstractEndpoint.init(AbstractEndpoint.java:1087)
	at org.apache.tomcat.util.net.AbstractJsseEndpoint.init(AbstractJsseEndpoint.java:265)
	at org.apache.coyote.AbstractProtocol.init(AbstractProtocol.java:581)
	at org.apache.coyote.http11.AbstractHttp11Protocol.init(AbstractHttp11Protocol.java:68)
	at org.apache.catalina.connector.Connector.initInternal(Connector.java:993)
	... 13 more
Caused by: java.io.FileNotFoundException: \usr\local\tomcat\conf\server_keystore (系统找不到指定的路径。)
	at java.io.FileInputStream.open(Native Method)
	at java.io.FileInputStream.<init>(FileInputStream.java:146)
	at java.io.FileInputStream.<init>(FileInputStream.java:101)
	at sun.net.www.protocol.file.FileURLConnection.connect(FileURLConnection.java:90)
	at sun.net.www.protocol.file.FileURLConnection.getInputStream(FileURLConnection.java:188)
	at org.apache.tomcat.util.file.ConfigFileLoader.getInputStream(ConfigFileLoader.java:89)
	at org.apache.tomcat.util.net.SSLUtilBase.getStore(SSLUtilBase.java:159)
	at org.apache.tomcat.util.net.SSLHostConfigCertificate.getCertificateKeystore(SSLHostConfigCertificate.java:204)
	at org.apache.tomcat.util.net.jsse.JSSEUtil.getKeyManagers(JSSEUtil.java:203)
	at org.apache.tomcat.util.net.AbstractJsseEndpoint.createSSLContext(AbstractJsseEndpoint.java:113)
	... 20 more

21-May-2019 09:00:01.981 信息 [main] org.apache.catalina.startup.Catalina.load Initialization processed in 945 ms
21-May-2019 09:00:02.013 信息 [main] org.apache.catalina.core.StandardService.startInternal Starting service [Catalina]
21-May-2019 09:00:02.013 信息 [main] org.apache.catalina.core.StandardEngine.startInternal Starting Servlet Engine: Apache Tomcat/8.5.37
21-May-2019 09:00:02.013 信息 [localhost-startStop-1] org.apache.catalina.startup.HostConfig.deployDescriptor Deploying configuration descriptor [F:\java\tomcat 8.5.37\conf\Catalina\localhost\WF_DEMO.XML]
21-May-2019 09:00:02.044 警告 [localhost-startStop-1] org.apache.catalina.startup.SetContextPropertiesRule.begin [SetContextPropertiesRule]{Context} Setting property 'debug' to '0' did not find a matching property.
21-May-2019 09:00:03.769 警告 [localhost-startStop-1] org.apache.tomcat.dbcp.dbcp2.BasicDataSourceFactory.getObjectInstance Name = DEMO Property maxActive is not used in DBCP2, use maxTotal instead. maxTotal default value is 8. You have set value of "100" for "maxActive" property, which is being ignored.
21-May-2019 09:00:03.769 警告 [localhost-startStop-1] org.apache.tomcat.dbcp.dbcp2.BasicDataSourceFactory.getObjectInstance Name = DEMO Property removeAbandoned is not used in DBCP2, use one or both of removeAbandonedOnBorrow or removeAbandonedOnMaintenance instead. Both have default value set to false. You have set value of "true" for "removeAbandoned" property, which is being ignored.
21-May-2019 09:00:03.769 警告 [localhost-startStop-1] org.apache.tomcat.dbcp.dbcp2.BasicDataSourceFactory.getObjectInstance Name = DEMO Property maxWait is not used in DBCP2 , use maxWaitMillis instead. maxWaitMillis default value is -1. You have set value of "10000" for "maxWait" property, which is being ignored.
21-May-2019 09:00:03.769 信息 [localhost-startStop-1] org.apache.tomcat.dbcp.dbcp2.BasicDataSourceFactory.getObjectInstance Name = DEMO Ignoring unknown property: value of "30000" for "validationInterval" property
21-May-2019 09:00:03.769 信息 [localhost-startStop-1] org.apache.tomcat.dbcp.dbcp2.BasicDataSourceFactory.getObjectInstance Name = DEMO Ignoring unknown property: value of "true" for "jmxEnabled" property
21-May-2019 09:00:03.785 信息 [localhost-startStop-1] org.apache.tomcat.dbcp.dbcp2.BasicDataSourceFactory.getObjectInstance Name = DEMO Ignoring unknown property: value of "org.apache.tomcat.jdbc.pool.interceptor.ConnectionState;org.apache.tomcat.jdbc.pool.interceptor.StatementFinalizer" for "jdbcInterceptors" property
21-May-2019 09:00:04.262 警告 [localhost-startStop-1] org.apache.tomcat.dbcp.dbcp2.BasicDataSourceFactory.getObjectInstance Name = wf_tianyi Property maxActive is not used in DBCP2, use maxTotal instead. maxTotal default value is 8. You have set value of "100" for "maxActive" property, which is being ignored.
21-May-2019 09:00:04.262 警告 [localhost-startStop-1] org.apache.tomcat.dbcp.dbcp2.BasicDataSourceFactory.getObjectInstance Name = wf_tianyi Property removeAbandoned is not used in DBCP2, use one or both of removeAbandonedOnBorrow or removeAbandonedOnMaintenance instead. Both have default value set to false. You have set value of "true" for "removeAbandoned" property, which is being ignored.
21-May-2019 09:00:04.278 警告 [localhost-startStop-1] org.apache.tomcat.dbcp.dbcp2.BasicDataSourceFactory.getObjectInstance Name = wf_tianyi Property maxWait is not used in DBCP2 , use maxWaitMillis instead. maxWaitMillis default value is -1. You have set value of "10000" for "maxWait" property, which is being ignored.
21-May-2019 09:00:04.278 信息 [localhost-startStop-1] org.apache.tomcat.dbcp.dbcp2.BasicDataSourceFactory.getObjectInstance Name = wf_tianyi Ignoring unknown property: value of "30000" for "validationInterval" property
21-May-2019 09:00:04.278 信息 [localhost-startStop-1] org.apache.tomcat.dbcp.dbcp2.BasicDataSourceFactory.getObjectInstance Name = wf_tianyi Ignoring unknown property: value of "true" for "jmxEnabled" property
21-May-2019 09:00:04.278 信息 [localhost-startStop-1] org.apache.tomcat.dbcp.dbcp2.BasicDataSourceFactory.getObjectInstance Name = wf_tianyi Ignoring unknown property: value of "org.apache.tomcat.jdbc.pool.interceptor.ConnectionState;org.apache.tomcat.jdbc.pool.interceptor.StatementFinalizer" for "jdbcInterceptors" property
21-May-2019 09:00:04.795 信息 [localhost-startStop-1] org.apache.jasper.servlet.TldScanner.scanJars At least one JAR was scanned for TLDs yet contained no TLDs. Enable debug logging for this logger for a complete list of JARs that were scanned but no TLDs were found in them. Skipping unneeded JARs during scanning can improve startup time and JSP compilation time.
21-May-2019 09:00:05.676 信息 [localhost-startStop-1] org.apache.catalina.startup.HostConfig.deployDescriptor Deployment of configuration descriptor [F:\java\tomcat 8.5.37\conf\Catalina\localhost\WF_DEMO.XML] has finished in [3,663] ms
21-May-2019 09:00:05.676 信息 [localhost-startStop-1] org.apache.catalina.startup.HostConfig.deployDirectory Deploying web application directory [F:\java\tomcat 8.5.37\webapps\ROOT]
21-May-2019 09:00:06.709 信息 [localhost-startStop-1] org.apache.jasper.servlet.TldScanner.scanJars At least one JAR was scanned for TLDs yet contained no TLDs. Enable debug logging for this logger for a complete list of JARs that were scanned but no TLDs were found in them. Skipping unneeded JARs during scanning can improve startup time and JSP compilation time.
21-May-2019 09:00:06.709 信息 [localhost-startStop-1] org.apache.catalina.startup.HostConfig.deployDirectory Deployment of web application directory [F:\java\tomcat 8.5.37\webapps\ROOT] has finished in [1,033] ms
21-May-2019 09:00:06.725 信息 [main] org.apache.coyote.AbstractProtocol.start Starting ProtocolHandler ["http-nio-8080"]
21-May-2019 09:00:06.742 信息 [main] org.apache.catalina.startup.Catalina.start Server startup in 4746 ms
